<?xml version="1.0" encoding="UTF-8"?>
<!-- Generated by org.testng.reporters.JUnitReportReporter -->
<testsuite hostname="MONSTER-IDEAPAD5" failures="0" tests="3" name="com.comcast.crm.orgTest.CreateORGTestwithTestNG" time="49.977" errors="0" timestamp="2024-06-21T15:27:16 IST" skipped="0">
  <testcase classname="com.comcast.crm.orgTest.CreateORGTestwithTestNG" name="createorg" time="13.943"/>
  <testcase classname="com.comcast.crm.orgTest.CreateORGTestwithTestNG" name="createOrgWithIndustry" time="21.261"/>
  <testcase classname="com.comcast.crm.orgTest.CreateORGTestwithTestNG" name="createOrgWithphNO" time="14.773"/>
</testsuite> <!-- com.comcast.crm.orgTest.CreateORGTestwithTestNG -->
